0 verbose cli [
0 verbose cli   'C:\\Program Files\\nodejs\\node.exe',
0 verbose cli   'C:\\Users\\Maymuna Islam Mim\\AppData\\Roaming\\npm\\node_modules\\npm\\bin\\npm-cli.js',
0 verbose cli   'install',
0 verbose cli   'express',
0 verbose cli   'cors',
0 verbose cli   'mongodb'
0 verbose cli ]
1 info using npm@8.3.0
2 info using node@v14.17.6
3 timing npm:load:whichnode Completed in 1ms
4 timing config:load:defaults Completed in 10ms
5 timing config:load:file:C:\Users\Maymuna Islam Mim\AppData\Roaming\npm\node_modules\npm\npmrc Completed in 15ms
6 timing config:load:builtin Completed in 15ms
7 timing config:load:cli Completed in 4ms
8 timing config:load:env Completed in 1ms
9 timing config:load:file:C:\projects\tourist-places-server-side\.npmrc Completed in 1ms
10 timing config:load:project Completed in 3ms
11 timing config:load:file:C:\Users\Maymuna Islam Mim\.npmrc Completed in 2ms
12 timing config:load:user Completed in 2ms
13 timing config:load:file:C:\Users\Maymuna Islam Mim\AppData\Roaming\npm\etc\npmrc Completed in 2ms
14 timing config:load:global Completed in 2ms
15 timing config:load:validate Completed in 2ms
16 timing config:load:credentials Completed in 3ms
17 timing config:load:setEnvs Completed in 3ms
18 timing config:load Completed in 46ms
19 timing npm:load:configload Completed in 46ms
20 timing npm:load:setTitle Completed in 3ms
21 timing config:load:flatten Completed in 6ms
22 timing npm:load:display Completed in 11ms
23 verbose logfile C:\projects\tourist-places-server-side\_logs\2022-01-25T11_38_04_220Z-debug-0.log
24 timing npm:load:logFile Completed in 28ms
25 timing npm:load:timers Completed in 0ms
26 timing npm:load:configScope Completed in 0ms
27 timing npm:load Completed in 90ms
28 timing arborist:ctor Completed in 2ms
29 timing arborist:ctor Completed in 0ms
30 timing idealTree:init Completed in 173ms
31 timing idealTree:userRequests Completed in 267ms
32 silly idealTree buildDeps
33 silly fetch manifest express@*
34 http fetch GET 200 https://registry.npmjs.org/express 7236ms (cache miss)
35 silly fetch manifest cors@*
36 http fetch GET 200 https://registry.npmjs.org/cors 1105ms (cache miss)
37 silly fetch manifest mongodb@*
38 http fetch GET 200 https://registry.npmjs.org/mongodb 7938ms (cache miss)
39 silly placeDep ROOT cors@2.8.5 OK for: tourist-places-server-side@1.0.0 want: *
40 silly placeDep ROOT express@4.17.2 OK for: tourist-places-server-side@1.0.0 want: *
41 silly placeDep ROOT mongodb@4.3.1 OK for: tourist-places-server-side@1.0.0 want: *
42 silly fetch manifest object-assign@^4
43 silly fetch manifest vary@^1
44 silly fetch manifest accepts@~1.3.7
45 silly fetch manifest array-flatten@1.1.1
46 silly fetch manifest body-parser@1.19.1
47 silly fetch manifest content-disposition@0.5.4
48 silly fetch manifest content-type@~1.0.4
49 silly fetch manifest cookie@0.4.1
50 silly fetch manifest cookie-signature@1.0.6
51 silly fetch manifest debug@2.6.9
52 silly fetch manifest depd@~1.1.2
53 silly fetch manifest encodeurl@~1.0.2
54 silly fetch manifest escape-html@~1.0.3
55 silly fetch manifest etag@~1.8.1
56 silly fetch manifest finalhandler@~1.1.2
57 silly fetch manifest fresh@0.5.2
58 silly fetch manifest merge-descriptors@1.0.1
59 silly fetch manifest methods@~1.1.2
60 silly fetch manifest on-finished@~2.3.0
61 silly fetch manifest parseurl@~1.3.3
62 silly fetch manifest path-to-regexp@0.1.7
63 silly fetch manifest proxy-addr@~2.0.7
64 silly fetch manifest qs@6.9.6
65 silly fetch manifest range-parser@~1.2.1
66 silly fetch manifest safe-buffer@5.2.1
67 silly fetch manifest send@0.17.2
68 silly fetch manifest serve-static@1.14.2
69 silly fetch manifest setprototypeof@1.2.0
70 silly fetch manifest statuses@~1.5.0
71 silly fetch manifest type-is@~1.6.18
72 silly fetch manifest utils-merge@1.0.1
73 silly fetch manifest vary@~1.1.2
74 silly fetch manifest bson@^4.6.1
75 silly fetch manifest denque@^2.0.1
76 silly fetch manifest mongodb-connection-string-url@^2.4.1
77 silly fetch manifest socks@^2.6.1
78 silly fetch manifest saslprep@^1.0.3
79 http fetch GET 200 https://registry.npmjs.org/object-assign 507ms (cache miss)
80 http fetch GET 200 https://registry.npmjs.org/content-disposition 1623ms (cache miss)
81 http fetch GET 200 https://registry.npmjs.org/finalhandler 1738ms (cache miss)
82 http fetch GET 200 https://registry.npmjs.org/content-type 2171ms (cache miss)
83 http fetch GET 200 https://registry.npmjs.org/etag 2238ms (cache miss)
84 http fetch GET 200 https://registry.npmjs.org/cookie 2322ms (cache miss)
85 http fetch GET 200 https://registry.npmjs.org/accepts 2499ms (cache miss)
86 http fetch GET 200 https://registry.npmjs.org/fresh 2442ms (cache miss)
87 http fetch GET 200 https://registry.npmjs.org/encodeurl 2649ms (cache miss)
88 http fetch GET 200 https://registry.npmjs.org/vary 3049ms (cache miss)
89 http fetch GET 200 https://registry.npmjs.org/array-flatten 3093ms (cache miss)
90 http fetch GET 200 https://registry.npmjs.org/cookie-signature 3101ms (cache miss)
91 http fetch GET 200 https://registry.npmjs.org/on-finished 3061ms (cache miss)
92 http fetch GET 200 https://registry.npmjs.org/escape-html 3095ms (cache miss)
93 http fetch GET 200 https://registry.npmjs.org/methods 3117ms (cache miss)
94 http fetch GET 200 https://registry.npmjs.org/merge-descriptors 3643ms (cache miss)
95 http fetch GET 200 https://registry.npmjs.org/debug 3900ms (cache miss)
96 http fetch GET 200 https://registry.npmjs.org/setprototypeof 4553ms (cache miss)
97 http fetch GET 200 https://registry.npmjs.org/parseurl 4617ms (cache miss)
98 http fetch GET 200 https://registry.npmjs.org/depd 4715ms (cache miss)
99 http fetch GET 200 https://registry.npmjs.org/statuses 4704ms (cache miss)
100 http fetch GET 200 https://registry.npmjs.org/body-parser 4862ms (cache miss)
101 http fetch GET 200 https://registry.npmjs.org/proxy-addr 5031ms (cache miss)
102 http fetch GET 200 https://registry.npmjs.org/type-is 5273ms (cache miss)
103 http fetch GET 200 https://registry.npmjs.org/utils-merge 5290ms (cache miss)
104 http fetch GET 200 https://registry.npmjs.org/range-parser 5621ms (cache miss)
105 http fetch GET 200 https://registry.npmjs.org/safe-buffer 5636ms (cache miss)
106 http fetch GET 200 https://registry.npmjs.org/saslprep 6375ms (cache miss)
107 http fetch GET 200 https://registry.npmjs.org/path-to-regexp 6487ms (cache miss)
108 http fetch GET 200 https://registry.npmjs.org/qs 6635ms (cache miss)
109 http fetch GET 200 https://registry.npmjs.org/denque 6762ms (cache miss)
110 http fetch GET 200 https://registry.npmjs.org/mongodb-connection-string-url 6805ms (cache miss)
111 http fetch GET 200 https://registry.npmjs.org/send 6958ms (cache miss)
112 http fetch GET 200 https://registry.npmjs.org/serve-static 6987ms (cache miss)
113 http fetch GET 200 https://registry.npmjs.org/socks 7434ms (cache miss)
114 http fetch GET 200 https://registry.npmjs.org/bson 9288ms (cache miss)
115 timing idealTree:#root Completed in 25792ms
116 silly placeDep ROOT object-assign@4.1.1 OK for: cors@2.8.5 want: ^4
117 silly placeDep ROOT vary@1.1.2 OK for: cors@2.8.5 want: ^1
118 timing idealTree:node_modules/cors Completed in 15ms
119 silly placeDep ROOT accepts@1.3.7 OK for: express@4.17.2 want: ~1.3.7
120 silly placeDep ROOT array-flatten@1.1.1 OK for: express@4.17.2 want: 1.1.1
121 silly placeDep ROOT body-parser@1.19.1 OK for: express@4.17.2 want: 1.19.1
122 silly placeDep ROOT content-disposition@0.5.4 OK for: express@4.17.2 want: 0.5.4
123 silly placeDep ROOT content-type@1.0.4 OK for: express@4.17.2 want: ~1.0.4
124 silly placeDep ROOT cookie@0.4.1 OK for: express@4.17.2 want: 0.4.1
125 silly placeDep ROOT cookie-signature@1.0.6 OK for: express@4.17.2 want: 1.0.6
126 silly placeDep ROOT debug@2.6.9 OK for: express@4.17.2 want: 2.6.9
127 silly placeDep ROOT depd@1.1.2 OK for: express@4.17.2 want: ~1.1.2
128 silly placeDep ROOT encodeurl@1.0.2 OK for: express@4.17.2 want: ~1.0.2
129 silly placeDep ROOT escape-html@1.0.3 OK for: express@4.17.2 want: ~1.0.3
130 silly placeDep ROOT etag@1.8.1 OK for: express@4.17.2 want: ~1.8.1
131 silly placeDep ROOT finalhandler@1.1.2 OK for: express@4.17.2 want: ~1.1.2
132 silly placeDep ROOT fresh@0.5.2 OK for: express@4.17.2 want: 0.5.2
133 silly placeDep ROOT merge-descriptors@1.0.1 OK for: express@4.17.2 want: 1.0.1
134 silly placeDep ROOT methods@1.1.2 OK for: express@4.17.2 want: ~1.1.2
135 silly placeDep ROOT on-finished@2.3.0 OK for: express@4.17.2 want: ~2.3.0
136 silly placeDep ROOT parseurl@1.3.3 OK for: express@4.17.2 want: ~1.3.3
137 silly placeDep ROOT path-to-regexp@0.1.7 OK for: express@4.17.2 want: 0.1.7
138 silly placeDep ROOT proxy-addr@2.0.7 OK for: express@4.17.2 want: ~2.0.7
139 silly placeDep ROOT qs@6.9.6 OK for: express@4.17.2 want: 6.9.6
140 silly placeDep ROOT range-parser@1.2.1 OK for: express@4.17.2 want: ~1.2.1
141 silly placeDep ROOT safe-buffer@5.2.1 OK for: express@4.17.2 want: 5.2.1
142 silly placeDep ROOT send@0.17.2 OK for: express@4.17.2 want: 0.17.2
143 silly placeDep ROOT serve-static@1.14.2 OK for: express@4.17.2 want: 1.14.2
144 silly placeDep ROOT setprototypeof@1.2.0 OK for: express@4.17.2 want: 1.2.0
145 silly placeDep ROOT statuses@1.5.0 OK for: express@4.17.2 want: ~1.5.0
146 silly placeDep ROOT type-is@1.6.18 OK for: express@4.17.2 want: ~1.6.18
147 silly placeDep ROOT utils-merge@1.0.1 OK for: express@4.17.2 want: 1.0.1
148 silly fetch manifest mime-types@~2.1.24
149 silly fetch manifest negotiator@0.6.2
150 silly fetch manifest bytes@3.1.1
151 silly fetch manifest http-errors@1.8.1
152 silly fetch manifest iconv-lite@0.4.24
153 silly fetch manifest raw-body@2.4.2
154 silly fetch manifest ms@2.0.0
155 silly fetch manifest unpipe@~1.0.0
156 silly fetch manifest ee-first@1.1.1
157 silly fetch manifest forwarded@0.2.0
158 silly fetch manifest ipaddr.js@1.9.1
159 silly fetch manifest destroy@~1.0.4
160 silly fetch manifest mime@1.6.0
161 silly fetch manifest ms@2.1.3
162 silly fetch manifest media-typer@0.3.0
163 http fetch GET 200 https://registry.npmjs.org/ee-first 1423ms (cache miss)
164 http fetch GET 200 https://registry.npmjs.org/mime-types 1585ms (cache miss)
165 http fetch GET 200 https://registry.npmjs.org/unpipe 1655ms (cache miss)
166 http fetch GET 200 https://registry.npmjs.org/ms 1702ms (cache miss)
167 http fetch GET 200 https://registry.npmjs.org/negotiator 1861ms (cache miss)
168 http fetch GET 200 https://registry.npmjs.org/ipaddr.js 1876ms (cache miss)
169 http fetch GET 200 https://registry.npmjs.org/destroy 1915ms (cache miss)
170 http fetch GET 200 https://registry.npmjs.org/bytes 1935ms (cache miss)
171 http fetch GET 200 https://registry.npmjs.org/forwarded 2323ms (cache miss)
172 http fetch GET 200 https://registry.npmjs.org/media-typer 2451ms (cache miss)
173 http fetch GET 200 https://registry.npmjs.org/http-errors 3441ms (cache miss)
174 http fetch GET 200 https://registry.npmjs.org/mime 3650ms (cache miss)
175 http fetch GET 200 https://registry.npmjs.org/raw-body 3675ms (cache miss)
176 http fetch GET 200 https://registry.npmjs.org/iconv-lite 4578ms (cache miss)
177 timing idealTree:node_modules/express Completed in 4654ms
178 silly placeDep ROOT mime-types@2.1.34 OK for: accepts@1.3.7 want: ~2.1.24
179 silly placeDep ROOT negotiator@0.6.2 OK for: accepts@1.3.7 want: 0.6.2
180 silly fetch manifest mime-db@1.51.0
181 http fetch GET 200 https://registry.npmjs.org/mime-db 810ms (cache miss)
182 timing idealTree:node_modules/accepts Completed in 817ms
183 timing idealTree:node_modules/array-flatten Completed in 0ms
184 silly placeDep ROOT bytes@3.1.1 OK for: body-parser@1.19.1 want: 3.1.1
185 silly placeDep ROOT http-errors@1.8.1 OK for: body-parser@1.19.1 want: 1.8.1
186 silly placeDep ROOT iconv-lite@0.4.24 OK for: body-parser@1.19.1 want: 0.4.24
187 silly placeDep ROOT raw-body@2.4.2 OK for: body-parser@1.19.1 want: 2.4.2
188 silly fetch manifest inherits@2.0.4
189 silly fetch manifest toidentifier@1.0.1
190 silly fetch manifest safer-buffer@>= 2.1.2 < 3
191 silly fetch manifest unpipe@1.0.0
192 http fetch GET 200 https://registry.npmjs.org/inherits 158ms (cache miss)
193 http fetch GET 200 https://registry.npmjs.org/toidentifier 183ms (cache miss)
194 http fetch GET 200 https://registry.npmjs.org/safer-buffer 275ms (cache miss)
195 timing idealTree:node_modules/body-parser Completed in 286ms
196 timing idealTree:node_modules/bytes Completed in 0ms
197 timing idealTree:node_modules/content-disposition Completed in 0ms
198 timing idealTree:node_modules/content-type Completed in 0ms
199 timing idealTree:node_modules/cookie Completed in 0ms
200 timing idealTree:node_modules/cookie-signature Completed in 0ms
201 silly placeDep ROOT ms@2.0.0 OK for: debug@2.6.9 want: 2.0.0
202 timing idealTree:node_modules/debug Completed in 2ms
203 timing idealTree:node_modules/depd Completed in 0ms
204 timing idealTree:node_modules/encodeurl Completed in 0ms
205 timing idealTree:node_modules/escape-html Completed in 0ms
206 timing idealTree:node_modules/etag Completed in 0ms
207 silly placeDep ROOT unpipe@1.0.0 OK for: finalhandler@1.1.2 want: ~1.0.0
208 timing idealTree:node_modules/finalhandler Completed in 2ms
209 timing idealTree:node_modules/fresh Completed in 0ms
210 silly placeDep ROOT inherits@2.0.4 OK for: http-errors@1.8.1 want: 2.0.4
211 silly placeDep ROOT toidentifier@1.0.1 OK for: http-errors@1.8.1 want: 1.0.1
212 timing idealTree:node_modules/http-errors Completed in 4ms
213 silly placeDep ROOT safer-buffer@2.1.2 OK for: iconv-lite@0.4.24 want: >= 2.1.2 < 3
214 timing idealTree:node_modules/iconv-lite Completed in 2ms
215 timing idealTree:node_modules/inherits Completed in 0ms
216 timing idealTree:node_modules/merge-descriptors Completed in 1ms
217 timing idealTree:node_modules/methods Completed in 0ms
218 silly placeDep ROOT mime-db@1.51.0 OK for: mime-types@2.1.34 want: 1.51.0
219 timing idealTree:node_modules/mime-types Completed in 1ms
220 timing idealTree:node_modules/mime-db Completed in 0ms
221 silly placeDep ROOT bson@4.6.1 OK for: mongodb@4.3.1 want: ^4.6.1
222 silly placeDep ROOT denque@2.0.1 OK for: mongodb@4.3.1 want: ^2.0.1
223 silly placeDep ROOT mongodb-connection-string-url@2.4.1 OK for: mongodb@4.3.1 want: ^2.4.1
224 silly placeDep ROOT saslprep@1.0.3 OK for: mongodb@4.3.1 want: ^1.0.3
225 silly placeDep ROOT socks@2.6.1 OK for: mongodb@4.3.1 want: ^2.6.1
226 silly fetch manifest buffer@^5.6.0
227 silly fetch manifest @types/whatwg-url@^8.2.1
228 silly fetch manifest whatwg-url@^11.0.0
229 silly fetch manifest sparse-bitfield@^3.0.3
230 silly fetch manifest ip@^1.1.5
231 silly fetch manifest smart-buffer@^4.1.0
232 http fetch GET 200 https://registry.npmjs.org/ip 166ms (cache miss)
233 http fetch GET 200 https://registry.npmjs.org/@types%2fwhatwg-url 424ms (cache miss)
234 http fetch GET 200 https://registry.npmjs.org/whatwg-url 577ms (cache miss)
235 http fetch GET 200 https://registry.npmjs.org/sparse-bitfield 969ms (cache miss)
236 http fetch GET 200 https://registry.npmjs.org/smart-buffer 1058ms (cache miss)
237 http fetch GET 200 https://registry.npmjs.org/buffer 3320ms (cache miss)
238 timing idealTree:node_modules/mongodb Completed in 3332ms
239 silly placeDep ROOT buffer@5.7.1 OK for: bson@4.6.1 want: ^5.6.0
240 silly fetch manifest base64-js@^1.3.1
241 silly fetch manifest ieee754@^1.1.13
242 http fetch GET 200 https://registry.npmjs.org/ieee754 281ms (cache miss)
243 http fetch GET 200 https://registry.npmjs.org/base64-js 624ms (cache miss)
244 timing idealTree:node_modules/bson Completed in 628ms
245 silly placeDep ROOT base64-js@1.5.1 OK for: buffer@5.7.1 want: ^1.3.1
246 silly placeDep ROOT ieee754@1.2.1 OK for: buffer@5.7.1 want: ^1.1.13
247 timing idealTree:node_modules/buffer Completed in 4ms
248 timing idealTree:node_modules/base64-js Completed in 0ms
249 timing idealTree:node_modules/denque Completed in 0ms
250 timing idealTree:node_modules/ieee754 Completed in 0ms
251 silly placeDep ROOT @types/whatwg-url@8.2.1 OK for: mongodb-connection-string-url@2.4.1 want: ^8.2.1
252 silly placeDep ROOT whatwg-url@11.0.0 OK for: mongodb-connection-string-url@2.4.1 want: ^11.0.0
253 silly fetch manifest @types/node@*
254 silly fetch manifest @types/webidl-conversions@*
255 silly fetch manifest tr46@^3.0.0
256 silly fetch manifest webidl-conversions@^7.0.0
257 http fetch GET 200 https://registry.npmjs.org/@types%2fwebidl-conversions 261ms (cache miss)
258 http fetch GET 200 https://registry.npmjs.org/webidl-conversions 344ms (cache miss)
259 http fetch GET 200 https://registry.npmjs.org/tr46 1001ms (cache miss)
260 http fetch GET 200 https://registry.npmjs.org/@types%2fnode 13284ms (cache miss)
261 timing idealTree:node_modules/mongodb-connection-string-url Completed in 13316ms
262 silly placeDep ROOT @types/node@17.0.12 OK for: @types/whatwg-url@8.2.1 want: *
263 silly placeDep ROOT @types/webidl-conversions@6.1.1 OK for: @types/whatwg-url@8.2.1 want: *
264 timing idealTree:node_modules/@types/whatwg-url Completed in 5ms
265 timing idealTree:node_modules/@types/node Completed in 0ms
266 timing idealTree:node_modules/@types/webidl-conversions Completed in 0ms
267 timing idealTree:node_modules/ms Completed in 0ms
268 timing idealTree:node_modules/negotiator Completed in 0ms
269 timing idealTree:node_modules/object-assign Completed in 0ms
270 silly placeDep ROOT ee-first@1.1.1 OK for: on-finished@2.3.0 want: 1.1.1
271 timing idealTree:node_modules/on-finished Completed in 3ms
272 timing idealTree:node_modules/ee-first Completed in 0ms
273 timing idealTree:node_modules/parseurl Completed in 0ms
274 timing idealTree:node_modules/path-to-regexp Completed in 0ms
275 silly placeDep ROOT forwarded@0.2.0 OK for: proxy-addr@2.0.7 want: 0.2.0
276 silly placeDep ROOT ipaddr.js@1.9.1 OK for: proxy-addr@2.0.7 want: 1.9.1
277 timing idealTree:node_modules/proxy-addr Completed in 6ms
278 timing idealTree:node_modules/forwarded Completed in 0ms
279 timing idealTree:node_modules/ipaddr.js Completed in 0ms
280 timing idealTree:node_modules/qs Completed in 0ms
281 timing idealTree:node_modules/range-parser Completed in 0ms
282 timing idealTree:node_modules/raw-body Completed in 0ms
283 timing idealTree:node_modules/safe-buffer Completed in 0ms
284 timing idealTree:node_modules/safer-buffer Completed in 0ms
285 silly placeDep ROOT sparse-bitfield@3.0.3 OK for: saslprep@1.0.3 want: ^3.0.3
286 silly fetch manifest memory-pager@^1.0.2
287 http fetch GET 200 https://registry.npmjs.org/memory-pager 156ms (cache miss)
288 timing idealTree:node_modules/saslprep Completed in 160ms
289 silly placeDep ROOT destroy@1.0.4 OK for: send@0.17.2 want: ~1.0.4
290 silly placeDep ROOT mime@1.6.0 OK for: send@0.17.2 want: 1.6.0
291 silly placeDep node_modules/send ms@2.1.3 OK for: send@0.17.2 want: 2.1.3
292 timing idealTree:node_modules/send Completed in 8ms
293 timing idealTree:node_modules/destroy Completed in 0ms
294 timing idealTree:node_modules/mime Completed in 0ms
295 timing idealTree:node_modules/serve-static Completed in 0ms
296 timing idealTree:node_modules/setprototypeof Completed in 0ms
297 silly placeDep ROOT ip@1.1.5 OK for: socks@2.6.1 want: ^1.1.5
298 silly placeDep ROOT smart-buffer@4.2.0 OK for: socks@2.6.1 want: ^4.1.0
299 timing idealTree:node_modules/socks Completed in 4ms
300 timing idealTree:node_modules/ip Completed in 0ms
301 timing idealTree:node_modules/smart-buffer Completed in 0ms
302 silly placeDep ROOT memory-pager@1.5.0 OK for: sparse-bitfield@3.0.3 want: ^1.0.2
303 timing idealTree:node_modules/sparse-bitfield Completed in 4ms
304 timing idealTree:node_modules/memory-pager Completed in 0ms
305 timing idealTree:node_modules/statuses Completed in 0ms
306 timing idealTree:node_modules/toidentifier Completed in 0ms
307 silly placeDep ROOT media-typer@0.3.0 OK for: type-is@1.6.18 want: 0.3.0
308 timing idealTree:node_modules/type-is Completed in 2ms
309 timing idealTree:node_modules/media-typer Completed in 0ms
310 timing idealTree:node_modules/unpipe Completed in 0ms
311 timing idealTree:node_modules/utils-merge Completed in 0ms
312 timing idealTree:node_modules/vary Completed in 0ms
313 silly placeDep ROOT tr46@3.0.0 OK for: whatwg-url@11.0.0 want: ^3.0.0
314 silly placeDep ROOT webidl-conversions@7.0.0 OK for: whatwg-url@11.0.0 want: ^7.0.0
315 silly fetch manifest punycode@^2.1.1
316 http fetch GET 200 https://registry.npmjs.org/punycode 91ms (cache miss)
317 timing idealTree:node_modules/whatwg-url Completed in 99ms
318 silly placeDep ROOT punycode@2.1.1 OK for: tr46@3.0.0 want: ^2.1.1
319 timing idealTree:node_modules/tr46 Completed in 2ms
320 timing idealTree:node_modules/punycode Completed in 0ms
321 timing idealTree:node_modules/webidl-conversions Completed in 0ms
322 timing idealTree:node_modules/send/node_modules/ms Completed in 0ms
323 timing idealTree:buildDeps Completed in 49160ms
324 timing idealTree:fixDepFlags Completed in 3ms
325 timing idealTree Completed in 49619ms
326 timing reify:loadTrees Completed in 49620ms
327 timing reify:diffTrees Completed in 4ms
328 silly reify moves {}
329 timing reify:retireShallow Completed in 2ms
330 timing reify:createSparse Completed in 223ms
331 timing reify:loadBundles Completed in 0ms
332 silly audit bulk request {
332 silly audit   cors: [ '2.8.5' ],
332 silly audit   express: [ '4.17.2' ],
332 silly audit   mongodb: [ '4.3.1' ],
332 silly audit   'object-assign': [ '4.1.1' ],
332 silly audit   vary: [ '1.1.2' ],
332 silly audit   accepts: [ '1.3.7' ],
332 silly audit   'array-flatten': [ '1.1.1' ],
332 silly audit   'body-parser': [ '1.19.1' ],
332 silly audit   'content-disposition': [ '0.5.4' ],
332 silly audit   'content-type': [ '1.0.4' ],
332 silly audit   cookie: [ '0.4.1' ],
332 silly audit   'cookie-signature': [ '1.0.6' ],
332 silly audit   debug: [ '2.6.9' ],
332 silly audit   depd: [ '1.1.2' ],
332 silly audit   encodeurl: [ '1.0.2' ],
332 silly audit   'escape-html': [ '1.0.3' ],
332 silly audit   etag: [ '1.8.1' ],
332 silly audit   finalhandler: [ '1.1.2' ],
332 silly audit   fresh: [ '0.5.2' ],
332 silly audit   'merge-descriptors': [ '1.0.1' ],
332 silly audit   methods: [ '1.1.2' ],
332 silly audit   'on-finished': [ '2.3.0' ],
332 silly audit   parseurl: [ '1.3.3' ],
332 silly audit   'path-to-regexp': [ '0.1.7' ],
332 silly audit   'proxy-addr': [ '2.0.7' ],
332 silly audit   qs: [ '6.9.6' ],
332 silly audit   'range-parser': [ '1.2.1' ],
332 silly audit   'safe-buffer': [ '5.2.1' ],
332 silly audit   send: [ '0.17.2' ],
332 silly audit   'serve-static': [ '1.14.2' ],
332 silly audit   setprototypeof: [ '1.2.0' ],
332 silly audit   statuses: [ '1.5.0' ],
332 silly audit   'type-is': [ '1.6.18' ],
332 silly audit   'utils-merge': [ '1.0.1' ],
332 silly audit   'mime-types': [ '2.1.34' ],
332 silly audit   negotiator: [ '0.6.2' ],
332 silly audit   bytes: [ '3.1.1' ],
332 silly audit   'http-errors': [ '1.8.1' ],
332 silly audit   'iconv-lite': [ '0.4.24' ],
332 silly audit   'raw-body': [ '2.4.2' ],
332 silly audit   ms: [ '2.0.0', '2.1.3' ],
332 silly audit   unpipe: [ '1.0.0' ],
332 silly audit   inherits: [ '2.0.4' ],
332 silly audit   toidentifier: [ '1.0.1' ],
332 silly audit   'safer-buffer': [ '2.1.2' ],
332 silly audit   'mime-db': [ '1.51.0' ],
332 silly audit   bson: [ '4.6.1' ],
332 silly audit   denque: [ '2.0.1' ],
332 silly audit   'mongodb-connection-string-url': [ '2.4.1' ],
332 silly audit   saslprep: [ '1.0.3' ],
332 silly audit   socks: [ '2.6.1' ],
332 silly audit   buffer: [ '5.7.1' ],
332 silly audit   'base64-js': [ '1.5.1' ],
332 silly audit   ieee754: [ '1.2.1' ],
332 silly audit   '@types/whatwg-url': [ '8.2.1' ],
332 silly audit   'whatwg-url': [ '11.0.0' ],
332 silly audit   '@types/node': [ '17.0.12' ],
332 silly audit   '@types/webidl-conversions': [ '6.1.1' ],
332 silly audit   'ee-first': [ '1.1.1' ],
332 silly audit   forwarded: [ '0.2.0' ],
332 silly audit   'ipaddr.js': [ '1.9.1' ],
332 silly audit   'sparse-bitfield': [ '3.0.3' ],
332 silly audit   destroy: [ '1.0.4' ],
332 silly audit   mime: [ '1.6.0' ],
332 silly audit   ip: [ '1.1.5' ],
332 silly audit   'smart-buffer': [ '4.2.0' ],
332 silly audit   'memory-pager': [ '1.5.0' ],
332 silly audit   'media-typer': [ '0.3.0' ],
332 silly audit   tr46: [ '3.0.0' ],
332 silly audit   'webidl-conversions': [ '7.0.0' ],
332 silly audit   punycode: [ '2.1.1' ]
332 silly audit }
333 silly tarball no local data for punycode@https://registry.npmjs.org/punycode/-/punycode-2.1.1.tgz. Extracting by manifest.
334 silly tarball no local data for webidl-conversions@https://registry.npmjs.org/webidl-conversions/-/webidl-conversions-7.0.0.tgz. Extracting by manifest.
335 silly tarball no local data for tr46@https://registry.npmjs.org/tr46/-/tr46-3.0.0.tgz. Extracting by manifest.
336 silly tarball no local data for media-typer@https://registry.npmjs.org/media-typer/-/media-typer-0.3.0.tgz. Extracting by manifest.
337 silly tarball no local data for memory-pager@https://registry.npmjs.org/memory-pager/-/memory-pager-1.5.0.tgz. Extracting by manifest.
338 silly tarball no local data for smart-buffer@https://registry.npmjs.org/smart-buffer/-/smart-buffer-4.2.0.tgz. Extracting by manifest.
339 silly tarball no local data for ip@https://registry.npmjs.org/ip/-/ip-1.1.5.tgz. Extracting by manifest.
340 silly tarball no local data for mime@https://registry.npmjs.org/mime/-/mime-1.6.0.tgz. Extracting by manifest.
341 silly tarball no local data for destroy@https://registry.npmjs.org/destroy/-/destroy-1.0.4.tgz. Extracting by manifest.
342 silly tarball no local data for sparse-bitfield@https://registry.npmjs.org/sparse-bitfield/-/sparse-bitfield-3.0.3.tgz. Extracting by manifest.
343 silly tarball no local data for ipaddr.js@https://registry.npmjs.org/ipaddr.js/-/ipaddr.js-1.9.1.tgz. Extracting by manifest.
344 silly tarball no local data for forwarded@https://registry.npmjs.org/forwarded/-/forwarded-0.2.0.tgz. Extracting by manifest.
345 silly tarball no local data for ee-first@https://registry.npmjs.org/ee-first/-/ee-first-1.1.1.tgz. Extracting by manifest.
346 silly tarball no local data for @types/webidl-conversions@https://registry.npmjs.org/@types/webidl-conversions/-/webidl-conversions-6.1.1.tgz. Extracting by manifest.
347 silly tarball no local data for @types/node@https://registry.npmjs.org/@types/node/-/node-17.0.12.tgz. Extracting by manifest.
348 silly tarball no local data for whatwg-url@https://registry.npmjs.org/whatwg-url/-/whatwg-url-11.0.0.tgz. Extracting by manifest.
349 silly tarball no local data for @types/whatwg-url@https://registry.npmjs.org/@types/whatwg-url/-/whatwg-url-8.2.1.tgz. Extracting by manifest.
350 silly tarball no local data for ieee754@https://registry.npmjs.org/ieee754/-/ieee754-1.2.1.tgz. Extracting by manifest.
351 silly tarball no local data for base64-js@https://registry.npmjs.org/base64-js/-/base64-js-1.5.1.tgz. Extracting by manifest.
352 silly tarball no local data for buffer@https://registry.npmjs.org/buffer/-/buffer-5.7.1.tgz. Extracting by manifest.
353 silly tarball no local data for socks@https://registry.npmjs.org/socks/-/socks-2.6.1.tgz. Extracting by manifest.
354 silly tarball no local data for saslprep@https://registry.npmjs.org/saslprep/-/saslprep-1.0.3.tgz. Extracting by manifest.
355 silly tarball no local data for mongodb-connection-string-url@https://registry.npmjs.org/mongodb-connection-string-url/-/mongodb-connection-string-url-2.4.1.tgz. Extracting by manifest.
356 silly tarball no local data for denque@https://registry.npmjs.org/denque/-/denque-2.0.1.tgz. Extracting by manifest.
357 silly tarball no local data for bson@https://registry.npmjs.org/bson/-/bson-4.6.1.tgz. Extracting by manifest.
358 silly tarball no local data for mime-db@https://registry.npmjs.org/mime-db/-/mime-db-1.51.0.tgz. Extracting by manifest.
359 silly tarball no local data for safer-buffer@https://registry.npmjs.org/safer-buffer/-/safer-buffer-2.1.2.tgz. Extracting by manifest.
360 silly tarball no local data for toidentifier@https://registry.npmjs.org/toidentifier/-/toidentifier-1.0.1.tgz. Extracting by manifest.
361 silly tarball no local data for inherits@https://registry.npmjs.org/inherits/-/inherits-2.0.4.tgz. Extracting by manifest.
362 silly tarball no local data for unpipe@https://registry.npmjs.org/unpipe/-/unpipe-1.0.0.tgz. Extracting by manifest.
363 silly tarball no local data for ms@https://registry.npmjs.org/ms/-/ms-2.0.0.tgz. Extracting by manifest.
364 silly tarball no local data for raw-body@https://registry.npmjs.org/raw-body/-/raw-body-2.4.2.tgz. Extracting by manifest.
365 silly tarball no local data for iconv-lite@https://registry.npmjs.org/iconv-lite/-/iconv-lite-0.4.24.tgz. Extracting by manifest.
366 silly tarball no local data for http-errors@https://registry.npmjs.org/http-errors/-/http-errors-1.8.1.tgz. Extracting by manifest.
367 silly tarball no local data for bytes@https://registry.npmjs.org/bytes/-/bytes-3.1.1.tgz. Extracting by manifest.
368 silly tarball no local data for negotiator@https://registry.npmjs.org/negotiator/-/negotiator-0.6.2.tgz. Extracting by manifest.
369 silly tarball no local data for mime-types@https://registry.npmjs.org/mime-types/-/mime-types-2.1.34.tgz. Extracting by manifest.
370 silly tarball no local data for utils-merge@https://registry.npmjs.org/utils-merge/-/utils-merge-1.0.1.tgz. Extracting by manifest.
371 silly tarball no local data for type-is@https://registry.npmjs.org/type-is/-/type-is-1.6.18.tgz. Extracting by manifest.
372 silly tarball no local data for statuses@https://registry.npmjs.org/statuses/-/statuses-1.5.0.tgz. Extracting by manifest.
373 silly tarball no local data for setprototypeof@https://registry.npmjs.org/setprototypeof/-/setprototypeof-1.2.0.tgz. Extracting by manifest.
374 silly tarball no local data for serve-static@https://registry.npmjs.org/serve-static/-/serve-static-1.14.2.tgz. Extracting by manifest.
375 silly tarball no local data for send@https://registry.npmjs.org/send/-/send-0.17.2.tgz. Extracting by manifest.
376 silly tarball no local data for safe-buffer@https://registry.npmjs.org/safe-buffer/-/safe-buffer-5.2.1.tgz. Extracting by manifest.
377 silly tarball no local data for range-parser@https://registry.npmjs.org/range-parser/-/range-parser-1.2.1.tgz. Extracting by manifest.
378 silly tarball no local data for qs@https://registry.npmjs.org/qs/-/qs-6.9.6.tgz. Extracting by manifest.
379 silly tarball no local data for proxy-addr@https://registry.npmjs.org/proxy-addr/-/proxy-addr-2.0.7.tgz. Extracting by manifest.
380 silly tarball no local data for path-to-regexp@https://registry.npmjs.org/path-to-regexp/-/path-to-regexp-0.1.7.tgz. Extracting by manifest.
381 silly tarball no local data for parseurl@https://registry.npmjs.org/parseurl/-/parseurl-1.3.3.tgz. Extracting by manifest.
382 silly tarball no local data for on-finished@https://registry.npmjs.org/on-finished/-/on-finished-2.3.0.tgz. Extracting by manifest.
383 silly tarball no local data for methods@https://registry.npmjs.org/methods/-/methods-1.1.2.tgz. Extracting by manifest.
384 silly tarball no local data for merge-descriptors@https://registry.npmjs.org/merge-descriptors/-/merge-descriptors-1.0.1.tgz. Extracting by manifest.
385 silly tarball no local data for fresh@https://registry.npmjs.org/fresh/-/fresh-0.5.2.tgz. Extracting by manifest.
386 silly tarball no local data for finalhandler@https://registry.npmjs.org/finalhandler/-/finalhandler-1.1.2.tgz. Extracting by manifest.
387 silly tarball no local data for etag@https://registry.npmjs.org/etag/-/etag-1.8.1.tgz. Extracting by manifest.
388 silly tarball no local data for escape-html@https://registry.npmjs.org/escape-html/-/escape-html-1.0.3.tgz. Extracting by manifest.
389 silly tarball no local data for encodeurl@https://registry.npmjs.org/encodeurl/-/encodeurl-1.0.2.tgz. Extracting by manifest.
390 silly tarball no local data for depd@https://registry.npmjs.org/depd/-/depd-1.1.2.tgz. Extracting by manifest.
391 silly tarball no local data for debug@https://registry.npmjs.org/debug/-/debug-2.6.9.tgz. Extracting by manifest.
392 silly tarball no local data for cookie-signature@https://registry.npmjs.org/cookie-signature/-/cookie-signature-1.0.6.tgz. Extracting by manifest.
393 silly tarball no local data for cookie@https://registry.npmjs.org/cookie/-/cookie-0.4.1.tgz. Extracting by manifest.
394 silly tarball no local data for content-type@https://registry.npmjs.org/content-type/-/content-type-1.0.4.tgz. Extracting by manifest.
395 silly tarball no local data for content-disposition@https://registry.npmjs.org/content-disposition/-/content-disposition-0.5.4.tgz. Extracting by manifest.
396 silly tarball no local data for body-parser@https://registry.npmjs.org/body-parser/-/body-parser-1.19.1.tgz. Extracting by manifest.
397 silly tarball no local data for array-flatten@https://registry.npmjs.org/array-flatten/-/array-flatten-1.1.1.tgz. Extracting by manifest.
398 silly tarball no local data for accepts@https://registry.npmjs.org/accepts/-/accepts-1.3.7.tgz. Extracting by manifest.
399 silly tarball no local data for vary@https://registry.npmjs.org/vary/-/vary-1.1.2.tgz. Extracting by manifest.
400 silly tarball no local data for object-assign@https://registry.npmjs.org/object-assign/-/object-assign-4.1.1.tgz. Extracting by manifest.
401 silly tarball no local data for mongodb@https://registry.npmjs.org/mongodb/-/mongodb-4.3.1.tgz. Extracting by manifest.
402 silly tarball no local data for express@https://registry.npmjs.org/express/-/express-4.17.2.tgz. Extracting by manifest.
403 silly tarball no local data for cors@https://registry.npmjs.org/cors/-/cors-2.8.5.tgz. Extracting by manifest.
404 silly tarball no local data for ms@https://registry.npmjs.org/ms/-/ms-2.1.3.tgz. Extracting by manifest.
405 http fetch POST 200 https://registry.npmjs.org/-/npm/v1/security/advisories/bulk 1093ms
406 timing auditReport:getReport Completed in 1102ms
407 silly audit report {}
408 timing auditReport:init Completed in 0ms
409 timing reify:audit Completed in 1105ms
410 http fetch GET 200 https://registry.npmjs.org/punycode/-/punycode-2.1.1.tgz 1075ms (cache miss)
411 timing reifyNode:node_modules/punycode Completed in 1405ms
412 http fetch GET 200 https://registry.npmjs.org/ieee754/-/ieee754-1.2.1.tgz 1213ms (cache miss)
413 http fetch GET 200 https://registry.npmjs.org/media-typer/-/media-typer-0.3.0.tgz 1351ms (cache miss)
414 timing reifyNode:node_modules/media-typer Completed in 1526ms
415 timing reifyNode:node_modules/ieee754 Completed in 1528ms
416 http fetch GET 200 https://registry.npmjs.org/base64-js/-/base64-js-1.5.1.tgz 1237ms (cache miss)
417 timing reifyNode:node_modules/base64-js Completed in 1602ms
418 http fetch GET 200 https://registry.npmjs.org/tr46/-/tr46-3.0.0.tgz 1620ms (cache miss)
419 timing reifyNode:node_modules/tr46 Completed in 1788ms
420 http fetch GET 200 https://registry.npmjs.org/memory-pager/-/memory-pager-1.5.0.tgz 1647ms (cache miss)
421 timing reifyNode:node_modules/memory-pager Completed in 1834ms
422 http fetch GET 200 https://registry.npmjs.org/destroy/-/destroy-1.0.4.tgz 1711ms (cache miss)
423 timing reifyNode:node_modules/destroy Completed in 1932ms
424 http fetch GET 200 https://registry.npmjs.org/@types/whatwg-url/-/whatwg-url-8.2.1.tgz 1990ms (cache miss)
425 timing reifyNode:node_modules/@types/whatwg-url Completed in 2278ms
426 http fetch GET 200 https://registry.npmjs.org/saslprep/-/saslprep-1.0.3.tgz 1978ms (cache miss)
427 http fetch GET 200 https://registry.npmjs.org/webidl-conversions/-/webidl-conversions-7.0.0.tgz 2232ms (cache miss)
428 timing reifyNode:node_modules/webidl-conversions Completed in 2394ms
429 http fetch GET 200 https://registry.npmjs.org/mime/-/mime-1.6.0.tgz 2189ms (cache miss)
430 timing reifyNode:node_modules/mime Completed in 2400ms
431 http fetch GET 200 https://registry.npmjs.org/ip/-/ip-1.1.5.tgz 2271ms (cache miss)
432 timing reifyNode:node_modules/ip Completed in 2474ms
433 http fetch GET 200 https://registry.npmjs.org/whatwg-url/-/whatwg-url-11.0.0.tgz 2428ms (cache miss)
434 timing reifyNode:node_modules/whatwg-url Completed in 2708ms
435 http fetch GET 200 https://registry.npmjs.org/smart-buffer/-/smart-buffer-4.2.0.tgz 2922ms (cache miss)
436 timing reifyNode:node_modules/smart-buffer Completed in 3121ms
437 http fetch GET 200 https://registry.npmjs.org/buffer/-/buffer-5.7.1.tgz 2884ms (cache miss)
438 timing reifyNode:node_modules/buffer Completed in 3220ms
439 http fetch GET 200 https://registry.npmjs.org/denque/-/denque-2.0.1.tgz 2858ms (cache miss)
440 timing reifyNode:node_modules/denque Completed in 3229ms
441 http fetch GET 200 https://registry.npmjs.org/mongodb-connection-string-url/-/mongodb-connection-string-url-2.4.1.tgz 2999ms (cache miss)
442 timing reifyNode:node_modules/mongodb-connection-string-url Completed in 3362ms
443 http fetch GET 200 https://registry.npmjs.org/forwarded/-/forwarded-0.2.0.tgz 3531ms (cache miss)
444 timing reifyNode:node_modules/forwarded Completed in 3775ms
445 http fetch GET 200 https://registry.npmjs.org/mime-db/-/mime-db-1.51.0.tgz 3522ms (cache miss)
446 timing reifyNode:node_modules/mime-db Completed in 3916ms
447 http fetch GET 200 https://registry.npmjs.org/ms/-/ms-2.0.0.tgz 3490ms (cache miss)
448 timing reifyNode:node_modules/ms Completed in 3924ms
449 http fetch GET 200 https://registry.npmjs.org/unpipe/-/unpipe-1.0.0.tgz 3584ms (cache miss)
450 timing reifyNode:node_modules/unpipe Completed in 4012ms
451 http fetch GET 200 https://registry.npmjs.org/raw-body/-/raw-body-2.4.2.tgz 3820ms (cache miss)
452 timing reifyNode:node_modules/raw-body Completed in 4261ms
453 timing reifyNode:node_modules/saslprep Completed in 4363ms
454 http fetch GET 200 https://registry.npmjs.org/safer-buffer/-/safer-buffer-2.1.2.tgz 3969ms (cache miss)
455 http fetch GET 200 https://registry.npmjs.org/inherits/-/inherits-2.0.4.tgz 4162ms (cache miss)
456 timing reifyNode:node_modules/inherits Completed in 4579ms
457 http fetch GET 200 https://registry.npmjs.org/sparse-bitfield/-/sparse-bitfield-3.0.3.tgz 4651ms (cache miss)
458 timing reifyNode:node_modules/sparse-bitfield Completed in 4877ms
459 http fetch GET 200 https://registry.npmjs.org/toidentifier/-/toidentifier-1.0.1.tgz 4595ms (cache miss)
460 timing reifyNode:node_modules/toidentifier Completed in 5000ms
461 timing reifyNode:node_modules/safer-buffer Completed in 5063ms
462 http fetch GET 200 https://registry.npmjs.org/bytes/-/bytes-3.1.1.tgz 5262ms (cache miss)
463 timing reifyNode:node_modules/bytes Completed in 5731ms
464 http fetch GET 200 https://registry.npmjs.org/@types/webidl-conversions/-/webidl-conversions-6.1.1.tgz 5519ms (cache miss)
465 timing reifyNode:node_modules/@types/webidl-conversions Completed in 5782ms
466 http fetch GET 200 https://registry.npmjs.org/type-is/-/type-is-1.6.18.tgz 7167ms (cache miss)
467 timing reifyNode:node_modules/type-is Completed in 7823ms
468 http fetch GET 200 https://registry.npmjs.org/socks/-/socks-2.6.1.tgz 7950ms (cache miss)
469 timing reifyNode:node_modules/socks Completed in 8302ms
470 http fetch GET 200 https://registry.npmjs.org/utils-merge/-/utils-merge-1.0.1.tgz 8454ms (cache miss)
471 timing reifyNode:node_modules/utils-merge Completed in 8946ms
472 http fetch GET 200 https://registry.npmjs.org/proxy-addr/-/proxy-addr-2.0.7.tgz 8955ms (cache miss)
473 timing reifyNode:node_modules/proxy-addr Completed in 9679ms
474 http fetch GET 200 https://registry.npmjs.org/ipaddr.js/-/ipaddr.js-1.9.1.tgz 9488ms (cache miss)
475 timing reifyNode:node_modules/ipaddr.js Completed in 9726ms
476 http fetch GET 200 https://registry.npmjs.org/finalhandler/-/finalhandler-1.1.2.tgz 9487ms (cache miss)
477 timing reifyNode:node_modules/finalhandler Completed in 10136ms
478 http fetch GET 200 https://registry.npmjs.org/http-errors/-/http-errors-1.8.1.tgz 9732ms (cache miss)
479 timing reifyNode:node_modules/http-errors Completed in 10190ms
480 http fetch GET 200 https://registry.npmjs.org/statuses/-/statuses-1.5.0.tgz 9801ms (cache miss)
481 timing reifyNode:node_modules/statuses Completed in 10317ms
482 http fetch GET 200 https://registry.npmjs.org/path-to-regexp/-/path-to-regexp-0.1.7.tgz 9748ms (cache miss)
483 timing reifyNode:node_modules/path-to-regexp Completed in 10350ms
484 http fetch GET 200 https://registry.npmjs.org/negotiator/-/negotiator-0.6.2.tgz 9917ms (cache miss)
485 timing reifyNode:node_modules/negotiator Completed in 10392ms
486 http fetch GET 200 https://registry.npmjs.org/body-parser/-/body-parser-1.19.1.tgz 9643ms (cache miss)
487 http fetch GET 200 https://registry.npmjs.org/range-parser/-/range-parser-1.2.1.tgz 9839ms (cache miss)
488 timing reifyNode:node_modules/range-parser Completed in 10410ms
489 http fetch GET 200 https://registry.npmjs.org/encodeurl/-/encodeurl-1.0.2.tgz 9814ms (cache miss)
490 timing reifyNode:node_modules/encodeurl Completed in 10492ms
491 http fetch GET 200 https://registry.npmjs.org/methods/-/methods-1.1.2.tgz 9869ms (cache miss)
492 timing reifyNode:node_modules/methods Completed in 10500ms
493 http fetch GET 200 https://registry.npmjs.org/safe-buffer/-/safe-buffer-5.2.1.tgz 9966ms (cache miss)
494 timing reifyNode:node_modules/safe-buffer Completed in 10531ms
495 http fetch GET 200 https://registry.npmjs.org/setprototypeof/-/setprototypeof-1.2.0.tgz 10002ms (cache miss)
496 timing reifyNode:node_modules/setprototypeof Completed in 10538ms
497 http fetch GET 200 https://registry.npmjs.org/fresh/-/fresh-0.5.2.tgz 9907ms (cache miss)
498 timing reifyNode:node_modules/fresh Completed in 10549ms
499 http fetch GET 200 https://registry.npmjs.org/send/-/send-0.17.2.tgz 9998ms (cache miss)
500 timing reifyNode:node_modules/send Completed in 10558ms
501 http fetch GET 200 https://registry.npmjs.org/serve-static/-/serve-static-1.14.2.tgz 10020ms (cache miss)
502 timing reifyNode:node_modules/serve-static Completed in 10572ms
503 http fetch GET 200 https://registry.npmjs.org/parseurl/-/parseurl-1.3.3.tgz 9997ms (cache miss)
504 timing reifyNode:node_modules/parseurl Completed in 10605ms
505 http fetch GET 200 https://registry.npmjs.org/merge-descriptors/-/merge-descriptors-1.0.1.tgz 9995ms (cache miss)
506 timing reifyNode:node_modules/merge-descriptors Completed in 10631ms
507 http fetch GET 200 https://registry.npmjs.org/mime-types/-/mime-types-2.1.34.tgz 10216ms (cache miss)
508 timing reifyNode:node_modules/mime-types Completed in 10698ms
509 http fetch GET 200 https://registry.npmjs.org/on-finished/-/on-finished-2.3.0.tgz 10095ms (cache miss)
510 timing reifyNode:node_modules/on-finished Completed in 10713ms
511 http fetch GET 200 https://registry.npmjs.org/content-type/-/content-type-1.0.4.tgz 9993ms (cache miss)
512 timing reifyNode:node_modules/content-type Completed in 10725ms
513 http fetch GET 200 https://registry.npmjs.org/escape-html/-/escape-html-1.0.3.tgz 10068ms (cache miss)
514 timing reifyNode:node_modules/escape-html Completed in 10738ms
515 http fetch GET 200 https://registry.npmjs.org/ee-first/-/ee-first-1.1.1.tgz 10501ms (cache miss)
516 timing reifyNode:node_modules/ee-first Completed in 10751ms
517 http fetch GET 200 https://registry.npmjs.org/object-assign/-/object-assign-4.1.1.tgz 9978ms (cache miss)
518 timing reifyNode:node_modules/object-assign Completed in 10772ms
519 http fetch GET 200 https://registry.npmjs.org/cookie-signature/-/cookie-signature-1.0.6.tgz 10084ms (cache miss)
520 timing reifyNode:node_modules/cookie-signature Completed in 10786ms
521 http fetch GET 200 https://registry.npmjs.org/array-flatten/-/array-flatten-1.1.1.tgz 10156ms (cache miss)
522 timing reifyNode:node_modules/array-flatten Completed in 10920ms
523 http fetch GET 200 https://registry.npmjs.org/vary/-/vary-1.1.2.tgz 10169ms (cache miss)
524 timing reifyNode:node_modules/vary Completed in 10945ms
525 http fetch GET 200 https://registry.npmjs.org/cookie/-/cookie-0.4.1.tgz 10240ms (cache miss)
526 timing reifyNode:node_modules/cookie Completed in 10965ms
527 http fetch GET 200 https://registry.npmjs.org/etag/-/etag-1.8.1.tgz 10315ms (cache miss)
528 timing reifyNode:node_modules/etag Completed in 10972ms
529 http fetch GET 200 https://registry.npmjs.org/ms/-/ms-2.1.3.tgz 10157ms (cache miss)
530 timing reifyNode:node_modules/send/node_modules/ms Completed in 10986ms
531 http fetch GET 200 https://registry.npmjs.org/accepts/-/accepts-1.3.7.tgz 10254ms (cache miss)
532 timing reifyNode:node_modules/accepts Completed in 11024ms
533 http fetch GET 200 https://registry.npmjs.org/depd/-/depd-1.1.2.tgz 10347ms (cache miss)
534 http fetch GET 200 https://registry.npmjs.org/content-disposition/-/content-disposition-0.5.4.tgz 10288ms (cache miss)
535 timing reifyNode:node_modules/content-disposition Completed in 11038ms
536 timing reifyNode:node_modules/depd Completed in 11113ms
537 timing reifyNode:node_modules/body-parser Completed in 11256ms
538 http fetch GET 200 https://registry.npmjs.org/debug/-/debug-2.6.9.tgz 11495ms (cache miss)
539 timing reifyNode:node_modules/debug Completed in 12191ms
540 http fetch GET 200 https://registry.npmjs.org/qs/-/qs-6.9.6.tgz 11739ms (cache miss)
541 timing reifyNode:node_modules/qs Completed in 12323ms
542 http fetch GET 200 https://registry.npmjs.org/cors/-/cors-2.8.5.tgz 11592ms (cache miss)
543 timing reifyNode:node_modules/cors Completed in 12413ms
544 http fetch GET 200 https://registry.npmjs.org/express/-/express-4.17.2.tgz 14018ms (cache miss)
545 timing reifyNode:node_modules/express Completed in 14891ms
546 http fetch GET 200 https://registry.npmjs.org/iconv-lite/-/iconv-lite-0.4.24.tgz 15220ms (cache miss)
547 timing reifyNode:node_modules/iconv-lite Completed in 15671ms
548 http fetch GET 200 https://registry.npmjs.org/@types/node/-/node-17.0.12.tgz 15685ms (cache miss)
549 timing reifyNode:node_modules/@types/node Completed in 16057ms
550 http fetch GET 200 https://registry.npmjs.org/bson/-/bson-4.6.1.tgz 20732ms (cache miss)
551 timing reifyNode:node_modules/bson Completed in 21119ms
552 http fetch GET 200 https://registry.npmjs.org/mongodb/-/mongodb-4.3.1.tgz 22730ms (cache miss)
553 timing reifyNode:node_modules/mongodb Completed in 23533ms
554 timing reify:unpack Completed in 23542ms
555 timing reify:unretire Completed in 18ms
556 timing build:queue Completed in 10ms
557 timing build:link:node_modules/mime Completed in 14ms
558 timing build:link Completed in 15ms
559 timing build:deps Completed in 25ms
560 timing build Completed in 26ms
561 timing reify:build Completed in 27ms
562 timing reify:trash Completed in 0ms
563 timing reify:save Completed in 136ms
564 timing reify Completed in 77853ms
565 silly ADD node_modules/punycode
566 silly ADD node_modules/webidl-conversions
567 silly ADD node_modules/tr46
568 silly ADD node_modules/media-typer
569 silly ADD node_modules/memory-pager
570 silly ADD node_modules/smart-buffer
571 silly ADD node_modules/ip
572 silly ADD node_modules/mime
573 silly ADD node_modules/destroy
574 silly ADD node_modules/sparse-bitfield
575 silly ADD node_modules/ipaddr.js
576 silly ADD node_modules/forwarded
577 silly ADD node_modules/ee-first
578 silly ADD node_modules/@types/webidl-conversions
579 silly ADD node_modules/@types/node
580 silly ADD node_modules/whatwg-url
581 silly ADD node_modules/@types/whatwg-url
582 silly ADD node_modules/ieee754
583 silly ADD node_modules/base64-js
584 silly ADD node_modules/buffer
585 silly ADD node_modules/socks
586 silly ADD node_modules/saslprep
587 silly ADD node_modules/mongodb-connection-string-url
588 silly ADD node_modules/denque
589 silly ADD node_modules/bson
590 silly ADD node_modules/mime-db
591 silly ADD node_modules/safer-buffer
592 silly ADD node_modules/toidentifier
593 silly ADD node_modules/inherits
594 silly ADD node_modules/unpipe
595 silly ADD node_modules/ms
596 silly ADD node_modules/raw-body
597 silly ADD node_modules/iconv-lite
598 silly ADD node_modules/http-errors
599 silly ADD node_modules/bytes
600 silly ADD node_modules/negotiator
601 silly ADD node_modules/mime-types
602 silly ADD node_modules/utils-merge
603 silly ADD node_modules/type-is
604 silly ADD node_modules/statuses
605 silly ADD node_modules/setprototypeof
606 silly ADD node_modules/serve-static
607 silly ADD node_modules/send
608 silly ADD node_modules/send/node_modules/ms
609 silly ADD node_modules/safe-buffer
610 silly ADD node_modules/range-parser
611 silly ADD node_modules/qs
612 silly ADD node_modules/proxy-addr
613 silly ADD node_modules/path-to-regexp
614 silly ADD node_modules/parseurl
615 silly ADD node_modules/on-finished
616 silly ADD node_modules/methods
617 silly ADD node_modules/merge-descriptors
618 silly ADD node_modules/fresh
619 silly ADD node_modules/finalhandler
620 silly ADD node_modules/etag
621 silly ADD node_modules/escape-html
622 silly ADD node_modules/encodeurl
623 silly ADD node_modules/depd
624 silly ADD node_modules/debug
625 silly ADD node_modules/cookie-signature
626 silly ADD node_modules/cookie
627 silly ADD node_modules/content-type
628 silly ADD node_modules/content-disposition
629 silly ADD node_modules/body-parser
630 silly ADD node_modules/array-flatten
631 silly ADD node_modules/accepts
632 silly ADD node_modules/vary
633 silly ADD node_modules/object-assign
634 silly ADD node_modules/mongodb
635 silly ADD node_modules/express
636 silly ADD node_modules/cors
637 timing command:install Completed in 77867ms
638 notice
638 notice New [32mpatch[39m version of npm available! [31m8.3.0[39m -> [32m8.3.2[39m
638 notice Changelog: [36mhttps://github.com/npm/cli/releases/tag/v8.3.2[39m
638 notice Run [32mnpm install -g npm@8.3.2[39m to update!
638 notice
639 verbose exit 0
640 timing npm Completed in 87915ms
641 info ok
