0 verbose cli [
0 verbose cli   'C:\\Program Files\\nodejs\\node.exe',
0 verbose cli   'C:\\Users\\Maymuna Islam Mim\\AppData\\Roaming\\npm\\node_modules\\npm\\bin\\npm-cli.js',
0 verbose cli   'run',
0 verbose cli   'build'
0 verbose cli ]
1 info using npm@8.3.0
2 info using node@v14.17.6
3 timing npm:load:whichnode Completed in 0ms
4 timing config:load:defaults Completed in 2ms
5 timing config:load:file:C:\Users\Maymuna Islam Mim\AppData\Roaming\npm\node_modules\npm\npmrc Completed in 6ms
6 timing config:load:builtin Completed in 6ms
7 timing config:load:cli Completed in 3ms
8 timing config:load:env Completed in 1ms
9 timing config:load:file:C:\projects\tourist-places-server-side\.npmrc Completed in 0ms
10 timing config:load:project Completed in 1ms
11 timing config:load:file:C:\Users\Maymuna Islam Mim\.npmrc Completed in 1ms
12 timing config:load:user Completed in 1ms
13 timing config:load:file:C:\Users\Maymuna Islam Mim\AppData\Roaming\npm\etc\npmrc Completed in 1ms
14 timing config:load:global Completed in 1ms
15 timing config:load:validate Completed in 1ms
16 timing config:load:credentials Completed in 1ms
17 timing config:load:setEnvs Completed in 2ms
18 timing config:load Completed in 19ms
19 timing npm:load:configload Completed in 19ms
20 timing npm:load:setTitle Completed in 1ms
21 timing config:load:flatten Completed in 4ms
22 timing npm:load:display Completed in 6ms
23 verbose logfile C:\projects\tourist-places-server-side\_logs\2022-01-25T23_48_42_904Z-debug-0.log
24 timing npm:load:logFile Completed in 16ms
25 timing npm:load:timers Completed in 0ms
26 timing npm:load:configScope Completed in 0ms
27 timing npm:load Completed in 44ms
28 silly logfile start cleaning logs, removing 1 files
29 timing command:run Completed in 12ms
30 verbose stack Error: Missing script: "build"
30 verbose stack
30 verbose stack To see a list of scripts, run:
30 verbose stack   npm run
30 verbose stack     at RunScript.run (C:\Users\Maymuna Islam Mim\AppData\Roaming\npm\node_modules\npm\lib\commands\run-script.js:95:13)
30 verbose stack     at async module.exports (C:\Users\Maymuna Islam Mim\AppData\Roaming\npm\node_modules\npm\lib\cli.js:66:5)
31 verbose cwd C:\projects\tourist-places-server-side
32 verbose Windows_NT 6.3.9600
33 verbose argv "C:\\Program Files\\nodejs\\node.exe" "C:\\Users\\Maymuna Islam Mim\\AppData\\Roaming\\npm\\node_modules\\npm\\bin\\npm-cli.js" "run" "build"
34 verbose node v14.17.6
35 verbose npm  v8.3.0
36 error Missing script: "build"
36 error
36 error To see a list of scripts, run:
36 error   npm run
37 verbose exit 1
38 timing npm Completed in 457ms
39 verbose code 1
40 error A complete log of this run can be found in:
40 error     C:\projects\tourist-places-server-side\_logs\2022-01-25T23_48_42_904Z-debug-0.log
